#
# There is insufficient memory for the Java Runtime Environment to continue.
# Native memory allocation (malloc) failed to allocate 1088976 bytes for Chunk::new
# Possible reasons:
#   The system is out of physical RAM or swap space
#   In 32 bit mode, the process size limit was hit
# Possible solutions:
#   Reduce memory load on the system
#   Increase physical memory or swap space
#   Check if swap backing store is full
#   Use 64 bit Java on a 64 bit OS
#   Decrease Java heap size (-Xmx/-Xms)
#   Decrease number of Java threads
#   Decrease Java thread stack sizes (-Xss)
#   Set larger code cache with -XX:ReservedCodeCacheSize=
# This output file may be truncated or incomplete.
#
#  Out of Memory Error (allocation.cpp:390), pid=8212, tid=0x0000000000005330
#
# JRE version: Java(TM) SE Runtime Environment (8.0_171-b11) (build 1.8.0_171-b11)
# Java VM: Java HotSpot(TM) 64-Bit Server VM (25.171-b11 mixed mode windows-amd64 compressed oops)
# Failed to write core dump. Minidumps are not enabled by default on client versions of Windows
#

---------------  T H R E A D  ---------------

Current thread (0x000000001e84c000):  JavaThread "C2 CompilerThread0" daemon [_thread_in_native, id=21296, stack(0x000000001fe20000,0x000000001ff20000)]

Stack: [0x000000001fe20000,0x000000001ff20000]
[error occurred during error reporting (printing stack bounds), id 0xc0000005]

Native frames: (J=compiled Java code, j=interpreted, Vv=VM code, C=native code)


Current CompileTask:
C2:    676 1351       4       java.net.URLClassLoader$1::run (5 bytes)


---------------  P R O C E S S  ---------------

Java Threads: ( => current thread )
  0x000000001e93b000 JavaThread "Service Thread" daemon [_thread_blocked, id=4280, stack(0x0000000020220000,0x0000000020320000)]
  0x000000001e8af000 JavaThread "C1 CompilerThread3" daemon [_thread_in_native, id=19920, stack(0x0000000020120000,0x0000000020220000)]
  0x000000001e8ae000 JavaThread "C2 CompilerThread2" daemon [_thread_blocked, id=7412, stack(0x0000000020020000,0x0000000020120000)]
  0x000000001e8a9000 JavaThread "C2 CompilerThread1" daemon [_thread_in_native, id=26456, stack(0x000000001ff20000,0x0000000020020000)]
=>0x000000001e84c000 JavaThread "C2 CompilerThread0" daemon [_thread_in_native, id=21296, stack(0x000000001fe20000,0x000000001ff20000)]
  0x000000001e84a000 JavaThread "Attach Listener" daemon [_thread_blocked, id=22128, stack(0x000000001fd20000,0x000000001fe20000)]
  0x000000001e8a5000 JavaThread "Signal Dispatcher" daemon [_thread_blocked, id=2016, stack(0x000000001fc20000,0x000000001fd20000)]
  0x000000001e833000 JavaThread "Finalizer" daemon [_thread_blocked, id=11564, stack(0x000000001fab0000,0x000000001fbb0000)]
  0x00000000037f9000 JavaThread "Reference Handler" daemon [_thread_blocked, id=10984, stack(0x000000001f9b0000,0x000000001fab0000)]
  0x00000000031fd800 JavaThread "main" [_thread_in_native, id=2024, stack(0x0000000003600000,0x0000000003700000)]

Other Threads:
  0x000000001e812800 VMThread [stack: 0x000000001f8b0000,0x000000001f9b0000] [id=21820]
  0x000000001e956800 WatcherThread [stack: 0x0000000020320000,0x0000000020420000] [id=12904]

VM state:not at safepoint (normal execution)

VM Mutex/Monitor currently owned by a thread:  ([mutex/lock_event])
[0x00000000031fc420] CodeCache_lock - owner thread: 0x000000001e8af000
[0x0000000003700650] Compile_lock - owner thread: 0x000000001e8af000

Heap:
 PSYoungGen      total 74752K, used 27441K [0x000000076ce00000, 0x0000000772100000, 0x00000007c0000000)
  eden space 64512K, 26% used [0x000000076ce00000,0x000000076ded3da0,0x0000000770d00000)
  from space 10240K, 99% used [0x0000000770d00000,0x00000007716f8718,0x0000000771700000)
  to   space 10240K, 0% used [0x0000000771700000,0x0000000771700000,0x0000000772100000)
 ParOldGen       total 171008K, used 321K [0x00000006c6a00000, 0x00000006d1100000, 0x000000076ce00000)
  object space 171008K, 0% used [0x00000006c6a00000,0x00000006c6a504d8,0x00000006d1100000)
 Metaspace       used 14158K, capacity 14404K, committed 14720K, reserved 1062912K
  class space    used 1756K, capacity 1845K, committed 1920K, reserved 1048576K

Card table byte_map: [0x0000000012bc0000,0x0000000013390000] byte_map_base: 0x000000000f58b000

Marking Bits: (ParMarkBitMap*) 0x0000000071d408c0
 Begin Bits: [0x00000000142d0000, 0x0000000018128000)
 End Bits:   [0x0000000018128000, 0x000000001bf80000)

Polling page: 0x00000000018e0000

CodeCache: size=245760Kb used=5385Kb max_used=5385Kb free=240374Kb
 bounds [0x0000000003800000, 0x0000000003d50000, 0x0000000012800000]
 total_blobs=1850 nmethods=1505 adapters=257
 compilation: enabled

Compilation events (10 events):
Event: 0.664 Thread 0x000000001e8ae000 nmethod 1502 0x0000000003d3c510 code [0x0000000003d3c660, 0x0000000003d3c998]
Event: 0.664 Thread 0x000000001e8ae000 1503   !   4       java.net.URL::set (114 bytes)
Event: 0.665 Thread 0x000000001e8ae000 nmethod 1503 0x0000000003d394d0 code [0x0000000003d39620, 0x0000000003d39918]
Event: 0.666 Thread 0x000000001e8af000 1504       3       java.util.regex.Pattern::next (33 bytes)
Event: 0.666 Thread 0x000000001e8af000 nmethod 1504 0x0000000003d38b90 code [0x0000000003d38d00, 0x0000000003d38fc8]
Event: 0.666 Thread 0x000000001e8af000 1505       3       java.util.regex.Pattern$Node::<init> (12 bytes)
Event: 0.666 Thread 0x000000001e8af000 nmethod 1505 0x0000000003d29590 code [0x0000000003d29700, 0x0000000003d298d0]
Event: 0.667 Thread 0x000000001e8af000 1506       3       java.util.regex.Pattern$Curly::match (86 bytes)
Event: 0.667 Thread 0x000000001e8af000 nmethod 1506 0x0000000003d38250 code [0x0000000003d38400, 0x0000000003d389f8]
Event: 0.675 Thread 0x000000001e8af000 1507       3       sun.nio.cs.UTF_8$Decoder::decodeArrayLoop (691 bytes)

GC Heap History (2 events):
Event: 0.530 GC heap before
{Heap before GC invocations=1 (full 0):
 PSYoungGen      total 74752K, used 64512K [0x000000076ce00000, 0x0000000772100000, 0x00000007c0000000)
  eden space 64512K, 100% used [0x000000076ce00000,0x0000000770d00000,0x0000000770d00000)
  from space 10240K, 0% used [0x0000000771700000,0x0000000771700000,0x0000000772100000)
  to   space 10240K, 0% used [0x0000000770d00000,0x0000000770d00000,0x0000000771700000)
 ParOldGen       total 171008K, used 0K [0x00000006c6a00000, 0x00000006d1100000, 0x000000076ce00000)
  object space 171008K, 0% used [0x00000006c6a00000,0x00000006c6a00000,0x00000006d1100000)
 Metaspace       used 11977K, capacity 12158K, committed 12416K, reserved 1060864K
  class space    used 1496K, capacity 1578K, committed 1664K, reserved 1048576K
Event: 0.537 GC heap after
Heap after GC invocations=1 (full 0):
 PSYoungGen      total 74752K, used 10209K [0x000000076ce00000, 0x0000000772100000, 0x00000007c0000000)
  eden space 64512K, 0% used [0x000000076ce00000,0x000000076ce00000,0x0000000770d00000)
  from space 10240K, 99% used [0x0000000770d00000,0x00000007716f8718,0x0000000771700000)
  to   space 10240K, 0% used [0x0000000771700000,0x0000000771700000,0x0000000772100000)
 ParOldGen       total 171008K, used 321K [0x00000006c6a00000, 0x00000006d1100000, 0x000000076ce00000)
  object space 171008K, 0% used [0x00000006c6a00000,0x00000006c6a504d8,0x00000006d1100000)
 Metaspace       used 11977K, capacity 12158K, committed 12416K, reserved 1060864K
  class space    used 1496K, capacity 1578K, committed 1664K, reserved 1048576K
}

Deoptimization events (10 events):
Event: 0.301 Thread 0x00000000031fd800 Uncommon trap: reason=unstable_if action=reinterpret pc=0x0000000003aae6cc method=java.io.Reader.read()I @ 12
Event: 0.313 Thread 0x00000000031fd800 Uncommon trap: reason=range_check action=make_not_entrant pc=0x0000000003a5e8e8 method=sun.reflect.generics.parser.SignatureParser.current()C @ 34
Event: 0.368 Thread 0x00000000031fd800 Uncommon trap: reason=bimorphic action=maybe_recompile pc=0x0000000003b49f68 method=java.util.HashMap.putVal(ILjava/lang/Object;Ljava/lang/Object;ZZ)Ljava/lang/Object; @ 203
Event: 0.552 Thread 0x00000000031fd800 Uncommon trap: reason=bimorphic action=maybe_recompile pc=0x0000000003b49f68 method=java.util.HashMap.putVal(ILjava/lang/Object;Ljava/lang/Object;ZZ)Ljava/lang/Object; @ 203
Event: 0.552 Thread 0x00000000031fd800 Uncommon trap: reason=bimorphic action=maybe_recompile pc=0x0000000003b49f68 method=java.util.HashMap.putVal(ILjava/lang/Object;Ljava/lang/Object;ZZ)Ljava/lang/Object; @ 203
Event: 0.568 Thread 0x00000000031fd800 Uncommon trap: reason=unstable_if action=reinterpret pc=0x0000000003b6f068 method=java.util.concurrent.ConcurrentHashMap.putVal(Ljava/lang/Object;Ljava/lang/Object;Z)Ljava/lang/Object; @ 206
Event: 0.586 Thread 0x00000000031fd800 Uncommon trap: reason=bimorphic action=maybe_recompile pc=0x0000000003b49f68 method=java.util.HashMap.putVal(ILjava/lang/Object;Ljava/lang/Object;ZZ)Ljava/lang/Object; @ 203
Event: 0.586 Thread 0x00000000031fd800 Uncommon trap: reason=bimorphic action=maybe_recompile pc=0x0000000003b3b8bc method=java.util.HashMap.putVal(ILjava/lang/Object;Ljava/lang/Object;ZZ)Ljava/lang/Object; @ 203
Event: 0.640 Thread 0x00000000031fd800 Uncommon trap: reason=unstable_if action=reinterpret pc=0x0000000003b1fe54 method=org.codehaus.plexus.util.xml.pull.MXParser.parseStartTag()I @ 443
Event: 0.675 Thread 0x00000000031fd800 Uncommon trap: reason=unstable_if action=reinterpret pc=0x0000000003aacb04 method=sun.nio.cs.UTF_8$Decoder.decodeArrayLoop(Ljava/nio/ByteBuffer;Ljava/nio/CharBuffer;)Ljava/nio/charset/CoderResult; @ 84

Classes redefined (0 events):
No events

Internal exceptions (10 events):
Event: 0.313 Thread 0x00000000031fd800 Exception <a 'java/lang/ArrayIndexOutOfBoundsException': 131> (0x000000076ed0dfc0) thrown at [C:\re\workspace\8-2-build-windows-amd64-cygwin\jdk8u171\10807\hotspot\src\share\vm\interpreter\interpreterRuntime.cpp, line 366]
Event: 0.582 Thread 0x00000000031fd800 Exception <a 'java/lang/NoClassDefFoundError': com/google/inject/servlet/ServletModuleTargetVisitor> (0x000000076d3d4898) thrown at [C:\re\workspace\8-2-build-windows-amd64-cygwin\jdk8u171\10807\hotspot\src\share\vm\classfile\systemDictionary.cpp, line 19
Event: 0.582 Thread 0x00000000031fd800 Exception <a 'java/lang/NoClassDefFoundError'> (0x000000076d3d4898) thrown at [C:\re\workspace\8-2-build-windows-amd64-cygwin\jdk8u171\10807\hotspot\src\share\vm\prims\jvm.cpp, line 1439]
Event: 0.582 Thread 0x00000000031fd800 Exception <a 'java/lang/NoClassDefFoundError': javax/annotation/Priority> (0x000000076d3d90d8) thrown at [C:\re\workspace\8-2-build-windows-amd64-cygwin\jdk8u171\10807\hotspot\src\share\vm\classfile\systemDictionary.cpp, line 199]
Event: 0.661 Thread 0x00000000031fd800 Exception <a 'java/lang/NullPointerException'> (0x000000076dc9fc40) thrown at [C:\re\workspace\8-2-build-windows-amd64-cygwin\jdk8u171\10807\hotspot\src\share\vm\interpreter\linkResolver.cpp, line 1185]
Event: 0.661 Thread 0x00000000031fd800 Exception <a 'java/lang/NullPointerException'> (0x000000076dc9fe58) thrown at [C:\re\workspace\8-2-build-windows-amd64-cygwin\jdk8u171\10807\hotspot\src\share\vm\interpreter\linkResolver.cpp, line 1185]
Event: 0.661 Thread 0x00000000031fd800 Exception <a 'java/lang/NullPointerException'> (0x000000076dca0070) thrown at [C:\re\workspace\8-2-build-windows-amd64-cygwin\jdk8u171\10807\hotspot\src\share\vm\interpreter\linkResolver.cpp, line 1185]
Event: 0.661 Thread 0x00000000031fd800 Exception <a 'java/lang/NullPointerException'> (0x000000076dcb5790) thrown at [C:\re\workspace\8-2-build-windows-amd64-cygwin\jdk8u171\10807\hotspot\src\share\vm\interpreter\linkResolver.cpp, line 1185]
Event: 0.661 Thread 0x00000000031fd800 Exception <a 'java/lang/NullPointerException'> (0x000000076dcb59a8) thrown at [C:\re\workspace\8-2-build-windows-amd64-cygwin\jdk8u171\10807\hotspot\src\share\vm\interpreter\linkResolver.cpp, line 1185]
Event: 0.661 Thread 0x00000000031fd800 Exception <a 'java/lang/NullPointerException'> (0x000000076dcb5bc0) thrown at [C:\re\workspace\8-2-build-windows-amd64-cygwin\jdk8u171\10807\hotspot\src\share\vm\interpreter\linkResolver.cpp, line 1185]

Events (10 events):
Event: 0.672 loading class org/apache/maven/model/io/xpp3/MavenXpp3ReaderEx done
Event: 0.673 loading class org/apache/maven/model/io/xpp3/MavenXpp3ReaderEx$ContentTransformer
Event: 0.673 loading class org/apache/maven/model/io/xpp3/MavenXpp3ReaderEx$ContentTransformer done
Event: 0.674 loading class org/apache/maven/model/io/xpp3/MavenXpp3ReaderEx$1
Event: 0.674 loading class org/apache/maven/model/io/xpp3/MavenXpp3ReaderEx$1 done
Event: 0.675 Thread 0x00000000031fd800 Uncommon trap: trap_request=0xffffff65 fr.pc=0x0000000003aacb04
Event: 0.675 Thread 0x00000000031fd800 DEOPT PACKING pc=0x0000000003aacb04 sp=0x00000000036fda70
Event: 0.675 Thread 0x00000000031fd800 DEOPT UNPACKING pc=0x000000000384583b sp=0x00000000036fd9b8 mode 2
Event: 0.675 loading class org/apache/maven/model/Parent
Event: 0.675 loading class org/apache/maven/model/Parent done


Dynamic libraries:
0x00007ff7c93c0000 - 0x00007ff7c93f7000 	E:\jdk1.8\bin\java.exe
0x00007ffcd8bf0000 - 0x00007ffcd8e07000 	C:\Windows\SYSTEM32\ntdll.dll
0x00007ffcd85e0000 - 0x00007ffcd86a4000 	C:\Windows\System32\KERNEL32.DLL
0x00007ffcd6590000 - 0x00007ffcd6935000 	C:\Windows\System32\KERNELBASE.dll
0x00007ffcd6a60000 - 0x00007ffcd6b11000 	C:\Windows\System32\ADVAPI32.dll
0x00007ffcd7720000 - 0x00007ffcd77c7000 	C:\Windows\System32\msvcrt.dll
0x00007ffcd82f0000 - 0x00007ffcd8396000 	C:\Windows\System32\sechost.dll
0x00007ffcd6940000 - 0x00007ffcd6a57000 	C:\Windows\System32\RPCRT4.dll
0x00007ffcd6b20000 - 0x00007ffcd6cce000 	C:\Windows\System32\USER32.dll
0x00007ffcd5f60000 - 0x00007ffcd5f86000 	C:\Windows\System32\win32u.dll
0x00007ffcd87d0000 - 0x00007ffcd87f9000 	C:\Windows\System32\GDI32.dll
0x00007ffcd6240000 - 0x00007ffcd6359000 	C:\Windows\System32\gdi32full.dll
0x00007ffcd61a0000 - 0x00007ffcd623a000 	C:\Windows\System32\msvcp_win.dll
0x00007ffcd6010000 - 0x00007ffcd6121000 	C:\Windows\System32\ucrtbase.dll
0x00007ffcbce20000 - 0x00007ffcbd0b3000 	C:\Windows\WinSxS\amd64_microsoft.windows.common-controls_6595b64144ccf1df_6.0.22621.2506_none_270c5ae97388e100\COMCTL32.dll
0x00007ffcd8a80000 - 0x00007ffcd8ab1000 	C:\Windows\System32\IMM32.DLL
0x00000000720a0000 - 0x00000000720ad000 	D:\360\360Safe\safemon\SafeWrapper.dll
0x00007ffcbebb0000 - 0x00007ffcbec5c000 	D:\360\360Safe\safemon\libzdtp64.dll
0x00007ffcd77d0000 - 0x00007ffcd8029000 	C:\Windows\System32\SHELL32.dll
0x00007ffcd8800000 - 0x00007ffcd885e000 	C:\Windows\System32\SHLWAPI.dll
0x00007ffcd5ad0000 - 0x00007ffcd5ada000 	C:\Windows\SYSTEM32\VERSION.dll
0x0000000071dc0000 - 0x0000000071e92000 	E:\jdk1.8\jre\bin\msvcr100.dll
0x0000000071520000 - 0x0000000071dc0000 	E:\jdk1.8\jre\bin\server\jvm.dll
0x00007ffcd85d0000 - 0x00007ffcd85d8000 	C:\Windows\System32\PSAPI.DLL
0x00007ffccb270000 - 0x00007ffccb2a4000 	C:\Windows\SYSTEM32\WINMM.dll
0x00007ffcd1210000 - 0x00007ffcd1219000 	C:\Windows\SYSTEM32\WSOCK32.dll
0x00007ffcd7220000 - 0x00007ffcd7291000 	C:\Windows\System32\WS2_32.dll
0x0000000071510000 - 0x000000007151f000 	E:\jdk1.8\jre\bin\verify.dll
0x00000000714e0000 - 0x0000000071509000 	E:\jdk1.8\jre\bin\java.dll
0x00000000714c0000 - 0x00000000714d6000 	E:\jdk1.8\jre\bin\zip.dll
0x00007ffcd3da0000 - 0x00007ffcd4694000 	C:\Windows\SYSTEM32\windows.storage.dll
0x00007ffcd6cd0000 - 0x00007ffcd7059000 	C:\Windows\System32\combase.dll
0x00007ffcd38c0000 - 0x00007ffcd39fe000 	C:\Windows\SYSTEM32\wintypes.dll
0x00007ffcd8030000 - 0x00007ffcd8123000 	C:\Windows\System32\SHCORE.dll
0x00007ffcd5e90000 - 0x00007ffcd5eb6000 	C:\Windows\SYSTEM32\profapi.dll
0x00007ffcc8dc0000 - 0x00007ffcc8dca000 	E:\apache-maven-3.5.0\lib\jansi-native\windows64\jansi.dll

VM Arguments:
jvm_args: -Dmaven.multiModuleProjectDirectory=E:\java_code\demo1 -Dmaven.home=E:\apache-maven-3.5.0 -Dclassworlds.conf=E:\apache-maven-3.5.0\bin\m2.conf -Dmaven.ext.class.path=E:\IntelliJ IDEA 2021.1.3\plugins\maven\lib\maven-event-listener.jar -Dfile.encoding=UTF-8 
java_command: org.codehaus.classworlds.Launcher -Didea.version=2021.1.3 -s E:\apache-maven-3.5.0\conf\settings.xml -Dmaven.repo.local=E:\Repo install
java_class_path (initial): E:\apache-maven-3.5.0\boot\plexus-classworlds-2.5.2.jar
Launcher Type: SUN_STANDARD

Environment Variables:
JAVA_HOME=E:\jdk1.8
PATH=C:\bimenv\nodejs;C:\bimenv\7-Zip;C:\Windows\system32;C:\Windows;C:\Windows\System32\Wbem;C:\Windows\System32\WindowsPowerShell\v1.0\;C:\Windows\System32\OpenSSH\;E:\Git\cmd;E:\jdk1.8\bin;E:\apache-maven-3.5.0\bin;C:\Program Files\Docker\Docker\resources\bin;C:\ProgramData\DockerDesktop\version-bin;D:\nvm;D:\nodejs;D:\go\bin;C:\Program Files\dotnet\;D:\xshell\;E:\qemu\qemu-img-win-x64-2_3_0;D:\thrift\;E:\Minikube;;C:\Program Files (x86)\dotnet\;C:\Users\Admin\AppData\Local\Microsoft\WindowsApps;D:\WebStorm 2021.1.3\bin;;D:\nvm;D:\nodejs;D:\PyCharm 2021.3.3\bin;;C:\Users\Admin\go\bin;D:\GoLand 2021.1.3\bin;
USERNAME=Admin
OS=Windows_NT
PROCESSOR_IDENTIFIER=Intel64 Family 6 Model 151 Stepping 5, GenuineIntel



---------------  S Y S T E M  ---------------

OS: Windows 10.0 , 64 bit Build 22621 (10.0.22621.2506)

CPU:total 12 (initial active 12) (6 cores per cpu, 2 threads per core) family 6 model 151 stepping 5, cmov, cx8, fxsr, mmx, sse, sse2, sse3, ssse3, sse4.1, sse4.2, popcnt, avx, avx2, aes, clmul, erms, 3dnowpref, lzcnt, ht, tsc, tscinvbit, bmi1, bmi2, adx

Memory: 4k page, physical 16342400k(2412200k free), swap 24731008k(5260k free)

vm_info: Java HotSpot(TM) 64-Bit Server VM (25.171-b11) for windows-amd64 JRE (1.8.0_171-b11), built on Mar 28 2018 16:06:12 by "java_re" with MS VC++ 10.0 (VS2010)

time: Wed Nov 29 16:59:26 2023
elapsed time: 0 seconds (0d 0h 0m 0s)

